2021-12-13 17:07:39,083 INFO 59561 [egg:logger] init all loggers with options: {"dir":"/Users/wangyanfeng/Documents/wxMsg/logs/serves","encoding":"utf8","env":"local","level":"INFO","consoleLevel":"INFO","disableConsoleAfterReady":false,"outputJSON":false,"buffer":true,"appLogName":"serves-web.log","coreLogName":"egg-web.log","agentLogName":"egg-agent.log","errorLogName":"common-error.log","coreLogger":{"consoleLevel":"WARN"},"allowDebugAtProd":false,"enablePerformanceTimer":false,"type":"application"}
2021-12-13 17:07:39,092 INFO 59561 [egg-multipart] stream mode enable
2021-12-13 17:07:39,124 INFO 59561 [egg-static] starting static serve /public/ -> /Users/wangyanfeng/Documents/wxMsg/app/public
2021-12-13 17:07:39,124 INFO 59561 [egg-security] use csrf middleware
2021-12-13 17:07:39,125 INFO 59561 [egg-security] use methodnoallow middleware
2021-12-13 17:07:39,125 INFO 59561 [egg-security] use noopen middleware
2021-12-13 17:07:39,125 INFO 59561 [egg-security] use nosniff middleware
2021-12-13 17:07:39,126 INFO 59561 [egg-security] use xssProtection middleware
2021-12-13 17:07:39,126 INFO 59561 [egg-security] use xframe middleware
2021-12-13 17:07:39,126 INFO 59561 [egg-security] use dta middleware
2021-12-13 17:07:39,126 INFO 59561 [egg-security] compose 7 middlewares into one security middleware
2021-12-13 17:07:39,129 INFO 59561 [egg:core] dump config after load, 2ms
2021-12-13 17:07:39,134 INFO 59561 [egg-watcher:application] watcher start success
2021-12-13 17:07:39,137 INFO 59561 [egg:core] dump config after ready, 2ms
2021-12-13 17:10:36,060 INFO 59614 [egg:logger] init all loggers with options: {"dir":"/Users/wangyanfeng/Documents/wxMsg/logs/serves","encoding":"utf8","env":"local","level":"INFO","consoleLevel":"INFO","disableConsoleAfterReady":false,"outputJSON":false,"buffer":true,"appLogName":"serves-web.log","coreLogName":"egg-web.log","agentLogName":"egg-agent.log","errorLogName":"common-error.log","coreLogger":{"consoleLevel":"WARN"},"allowDebugAtProd":false,"enablePerformanceTimer":false,"type":"application"}
2021-12-13 17:10:36,073 INFO 59614 [egg-multipart] stream mode enable
2021-12-13 17:10:36,116 INFO 59614 [egg-static] starting static serve /public/ -> /Users/wangyanfeng/Documents/wxMsg/app/public
2021-12-13 17:10:36,117 INFO 59614 [egg-security] use csrf middleware
2021-12-13 17:10:36,117 INFO 59614 [egg-security] use methodnoallow middleware
2021-12-13 17:10:36,117 INFO 59614 [egg-security] use noopen middleware
2021-12-13 17:10:36,118 INFO 59614 [egg-security] use nosniff middleware
2021-12-13 17:10:36,118 INFO 59614 [egg-security] use xssProtection middleware
2021-12-13 17:10:36,118 INFO 59614 [egg-security] use xframe middleware
2021-12-13 17:10:36,118 INFO 59614 [egg-security] use dta middleware
2021-12-13 17:10:36,118 INFO 59614 [egg-security] compose 7 middlewares into one security middleware
2021-12-13 17:10:36,122 INFO 59614 [egg:core] dump config after load, 1ms
2021-12-13 17:10:36,126 INFO 59614 [egg-watcher:application] watcher start success
2021-12-13 17:10:36,132 INFO 59614 [egg:core] dump config after ready, 4ms
2021-12-13 17:12:50,818 INFO 59675 [egg:logger] init all loggers with options: {"dir":"/Users/wangyanfeng/Documents/wxMsg/logs/serves","encoding":"utf8","env":"local","level":"INFO","consoleLevel":"INFO","disableConsoleAfterReady":false,"outputJSON":false,"buffer":true,"appLogName":"serves-web.log","coreLogName":"egg-web.log","agentLogName":"egg-agent.log","errorLogName":"common-error.log","coreLogger":{"consoleLevel":"WARN"},"allowDebugAtProd":false,"enablePerformanceTimer":false,"type":"application"}
2021-12-13 17:12:50,831 INFO 59675 [egg-multipart] stream mode enable
2021-12-13 17:12:50,876 INFO 59675 [egg-static] starting static serve /public/ -> /Users/wangyanfeng/Documents/wxMsg/app/public
2021-12-13 17:12:50,877 INFO 59675 [egg-security] use csrf middleware
2021-12-13 17:12:50,877 INFO 59675 [egg-security] use methodnoallow middleware
2021-12-13 17:12:50,878 INFO 59675 [egg-security] use noopen middleware
2021-12-13 17:12:50,878 INFO 59675 [egg-security] use nosniff middleware
2021-12-13 17:12:50,878 INFO 59675 [egg-security] use xssProtection middleware
2021-12-13 17:12:50,878 INFO 59675 [egg-security] use xframe middleware
2021-12-13 17:12:50,879 INFO 59675 [egg-security] use dta middleware
2021-12-13 17:12:50,879 INFO 59675 [egg-security] compose 7 middlewares into one security middleware
2021-12-13 17:12:50,885 INFO 59675 [egg:core] dump config after load, 3ms
2021-12-13 17:12:50,890 INFO 59675 [egg-watcher:application] watcher start success
2021-12-13 17:12:50,901 INFO 59675 [egg:core] dump config after ready, 11ms
2021-12-13 17:14:11,531 INFO 59712 [egg:logger] init all loggers with options: {"dir":"/Users/wangyanfeng/Documents/wxMsg/logs/serves","encoding":"utf8","env":"local","level":"INFO","consoleLevel":"INFO","disableConsoleAfterReady":false,"outputJSON":false,"buffer":true,"appLogName":"serves-web.log","coreLogName":"egg-web.log","agentLogName":"egg-agent.log","errorLogName":"common-error.log","coreLogger":{"consoleLevel":"WARN"},"allowDebugAtProd":false,"enablePerformanceTimer":false,"type":"application"}
2021-12-13 17:14:11,547 INFO 59712 [egg-multipart] stream mode enable
2021-12-13 17:14:11,597 INFO 59712 [egg-static] starting static serve /public/ -> /Users/wangyanfeng/Documents/wxMsg/app/public
2021-12-13 17:14:11,598 INFO 59712 [egg-security] use csrf middleware
2021-12-13 17:14:11,598 INFO 59712 [egg-security] use methodnoallow middleware
2021-12-13 17:14:11,598 INFO 59712 [egg-security] use noopen middleware
2021-12-13 17:14:11,599 INFO 59712 [egg-security] use nosniff middleware
2021-12-13 17:14:11,599 INFO 59712 [egg-security] use xssProtection middleware
2021-12-13 17:14:11,599 INFO 59712 [egg-security] use xframe middleware
2021-12-13 17:14:11,599 INFO 59712 [egg-security] use dta middleware
2021-12-13 17:14:11,599 INFO 59712 [egg-security] compose 7 middlewares into one security middleware
2021-12-13 17:14:11,603 INFO 59712 [egg:core] dump config after load, 2ms
2021-12-13 17:14:11,607 INFO 59712 [egg-watcher:application] watcher start success
2021-12-13 17:14:11,610 INFO 59712 [egg:core] dump config after ready, 2ms
2021-12-13 17:15:14,170 INFO 59748 [egg:logger] init all loggers with options: {"dir":"/Users/wangyanfeng/Documents/wxMsg/logs/serves","encoding":"utf8","env":"local","level":"INFO","consoleLevel":"INFO","disableConsoleAfterReady":false,"outputJSON":false,"buffer":true,"appLogName":"serves-web.log","coreLogName":"egg-web.log","agentLogName":"egg-agent.log","errorLogName":"common-error.log","coreLogger":{"consoleLevel":"WARN"},"allowDebugAtProd":false,"enablePerformanceTimer":false,"type":"application"}
2021-12-13 17:15:14,183 INFO 59748 [egg-multipart] stream mode enable
2021-12-13 17:15:14,226 INFO 59748 [egg-static] starting static serve /public/ -> /Users/wangyanfeng/Documents/wxMsg/app/public
2021-12-13 17:15:14,227 INFO 59748 [egg-security] use csrf middleware
2021-12-13 17:15:14,227 INFO 59748 [egg-security] use methodnoallow middleware
2021-12-13 17:15:14,227 INFO 59748 [egg-security] use noopen middleware
2021-12-13 17:15:14,227 INFO 59748 [egg-security] use nosniff middleware
2021-12-13 17:15:14,228 INFO 59748 [egg-security] use xssProtection middleware
2021-12-13 17:15:14,228 INFO 59748 [egg-security] use xframe middleware
2021-12-13 17:15:14,228 INFO 59748 [egg-security] use dta middleware
2021-12-13 17:15:14,228 INFO 59748 [egg-security] compose 7 middlewares into one security middleware
2021-12-13 17:15:14,231 INFO 59748 [egg:core] dump config after load, 2ms
2021-12-13 17:15:14,238 INFO 59748 [egg-watcher:application] watcher start success
2021-12-13 17:15:14,241 INFO 59748 [egg:core] dump config after ready, 3ms
2021-12-13 17:15:14,784 INFO 59752 [egg:logger] init all loggers with options: {"dir":"/Users/wangyanfeng/Documents/wxMsg/logs/serves","encoding":"utf8","env":"local","level":"INFO","consoleLevel":"INFO","disableConsoleAfterReady":false,"outputJSON":false,"buffer":true,"appLogName":"serves-web.log","coreLogName":"egg-web.log","agentLogName":"egg-agent.log","errorLogName":"common-error.log","coreLogger":{"consoleLevel":"WARN"},"allowDebugAtProd":false,"enablePerformanceTimer":false,"type":"application"}
2021-12-13 17:15:14,795 INFO 59752 [egg-multipart] stream mode enable
2021-12-13 17:15:14,837 INFO 59752 [egg-static] starting static serve /public/ -> /Users/wangyanfeng/Documents/wxMsg/app/public
2021-12-13 17:15:14,838 INFO 59752 [egg-security] use csrf middleware
2021-12-13 17:15:14,839 INFO 59752 [egg-security] use methodnoallow middleware
2021-12-13 17:15:14,839 INFO 59752 [egg-security] use noopen middleware
2021-12-13 17:15:14,839 INFO 59752 [egg-security] use nosniff middleware
2021-12-13 17:15:14,840 INFO 59752 [egg-security] use xssProtection middleware
2021-12-13 17:15:14,840 INFO 59752 [egg-security] use xframe middleware
2021-12-13 17:15:14,840 INFO 59752 [egg-security] use dta middleware
2021-12-13 17:15:14,840 INFO 59752 [egg-security] compose 7 middlewares into one security middleware
2021-12-13 17:15:14,843 INFO 59752 [egg:core] dump config after load, 2ms
2021-12-13 17:15:14,849 INFO 59752 [egg-watcher:application] watcher start success
2021-12-13 17:15:14,854 INFO 59752 [egg:core] dump config after ready, 3ms
2021-12-13 17:15:58,154 INFO 59797 [egg:logger] init all loggers with options: {"dir":"/Users/wangyanfeng/Documents/wxMsg/logs/serves","encoding":"utf8","env":"local","level":"INFO","consoleLevel":"INFO","disableConsoleAfterReady":false,"outputJSON":false,"buffer":true,"appLogName":"serves-web.log","coreLogName":"egg-web.log","agentLogName":"egg-agent.log","errorLogName":"common-error.log","coreLogger":{"consoleLevel":"WARN"},"allowDebugAtProd":false,"enablePerformanceTimer":false,"type":"application"}
2021-12-13 17:15:58,166 INFO 59797 [egg-multipart] stream mode enable
2021-12-13 17:15:58,205 INFO 59797 [egg-static] starting static serve /public/ -> /Users/wangyanfeng/Documents/wxMsg/app/public
2021-12-13 17:15:58,206 INFO 59797 [egg-security] use csrf middleware
2021-12-13 17:15:58,206 INFO 59797 [egg-security] use methodnoallow middleware
2021-12-13 17:15:58,206 INFO 59797 [egg-security] use noopen middleware
2021-12-13 17:15:58,207 INFO 59797 [egg-security] use nosniff middleware
2021-12-13 17:15:58,207 INFO 59797 [egg-security] use xssProtection middleware
2021-12-13 17:15:58,207 INFO 59797 [egg-security] use xframe middleware
2021-12-13 17:15:58,207 INFO 59797 [egg-security] use dta middleware
2021-12-13 17:15:58,207 INFO 59797 [egg-security] compose 7 middlewares into one security middleware
2021-12-13 17:15:58,214 INFO 59797 [egg:core] dump config after load, 5ms
2021-12-13 17:15:58,218 INFO 59797 [egg-watcher:application] watcher start success
2021-12-13 17:15:58,221 INFO 59797 [egg:core] dump config after ready, 2ms
2021-12-13 17:21:18,246 INFO 59855 [egg:logger] init all loggers with options: {"dir":"/Users/wangyanfeng/Documents/wxMsg/logs/serves","encoding":"utf8","env":"local","level":"INFO","consoleLevel":"INFO","disableConsoleAfterReady":false,"outputJSON":false,"buffer":true,"appLogName":"serves-web.log","coreLogName":"egg-web.log","agentLogName":"egg-agent.log","errorLogName":"common-error.log","coreLogger":{"consoleLevel":"WARN"},"allowDebugAtProd":false,"enablePerformanceTimer":false,"type":"application"}
2021-12-13 17:21:18,263 INFO 59855 [egg-multipart] stream mode enable
2021-12-13 17:21:18,308 INFO 59855 [egg-static] starting static serve /public/ -> /Users/wangyanfeng/Documents/wxMsg/app/public
2021-12-13 17:21:18,309 INFO 59855 [egg-security] use csrf middleware
2021-12-13 17:21:18,310 INFO 59855 [egg-security] use methodnoallow middleware
2021-12-13 17:21:18,310 INFO 59855 [egg-security] use noopen middleware
2021-12-13 17:21:18,310 INFO 59855 [egg-security] use nosniff middleware
2021-12-13 17:21:18,310 INFO 59855 [egg-security] use xssProtection middleware
2021-12-13 17:21:18,310 INFO 59855 [egg-security] use xframe middleware
2021-12-13 17:21:18,311 INFO 59855 [egg-security] use dta middleware
2021-12-13 17:21:18,311 INFO 59855 [egg-security] compose 7 middlewares into one security middleware
2021-12-13 17:21:18,315 INFO 59855 [egg:core] dump config after load, 3ms
2021-12-13 17:21:18,319 INFO 59855 [egg-watcher:application] watcher start success
2021-12-13 17:21:18,321 INFO 59855 [egg:core] dump config after ready, 2ms
2021-12-13 17:22:46,759 INFO 59896 [egg:logger] init all loggers with options: {"dir":"/Users/wangyanfeng/Documents/wxMsg/logs/serves","encoding":"utf8","env":"local","level":"INFO","consoleLevel":"INFO","disableConsoleAfterReady":false,"outputJSON":false,"buffer":true,"appLogName":"serves-web.log","coreLogName":"egg-web.log","agentLogName":"egg-agent.log","errorLogName":"common-error.log","coreLogger":{"consoleLevel":"WARN"},"allowDebugAtProd":false,"enablePerformanceTimer":false,"type":"application"}
2021-12-13 17:22:46,770 INFO 59896 [egg-multipart] stream mode enable
2021-12-13 17:22:46,827 INFO 59896 [egg-static] starting static serve /public/ -> /Users/wangyanfeng/Documents/wxMsg/app/public
2021-12-13 17:22:46,828 INFO 59896 [egg-security] use csrf middleware
2021-12-13 17:22:46,828 INFO 59896 [egg-security] use methodnoallow middleware
2021-12-13 17:22:46,829 INFO 59896 [egg-security] use noopen middleware
2021-12-13 17:22:46,829 INFO 59896 [egg-security] use nosniff middleware
2021-12-13 17:22:46,829 INFO 59896 [egg-security] use xssProtection middleware
2021-12-13 17:22:46,829 INFO 59896 [egg-security] use xframe middleware
2021-12-13 17:22:46,829 INFO 59896 [egg-security] use dta middleware
2021-12-13 17:22:46,829 INFO 59896 [egg-security] compose 7 middlewares into one security middleware
2021-12-13 17:22:46,834 INFO 59896 [egg:core] dump config after load, 3ms
2021-12-13 17:22:46,838 INFO 59896 [egg-watcher:application] watcher start success
2021-12-13 17:22:46,841 INFO 59896 [egg:core] dump config after ready, 3ms
2021-12-13 17:23:48,593 INFO 59922 [egg:logger] init all loggers with options: {"dir":"/Users/wangyanfeng/Documents/wxMsg/logs/serves","encoding":"utf8","env":"local","level":"INFO","consoleLevel":"INFO","disableConsoleAfterReady":false,"outputJSON":false,"buffer":true,"appLogName":"serves-web.log","coreLogName":"egg-web.log","agentLogName":"egg-agent.log","errorLogName":"common-error.log","coreLogger":{"consoleLevel":"WARN"},"allowDebugAtProd":false,"enablePerformanceTimer":false,"type":"application"}
2021-12-13 17:23:48,603 INFO 59922 [egg-multipart] stream mode enable
2021-12-13 17:23:48,638 INFO 59922 [egg-static] starting static serve /public/ -> /Users/wangyanfeng/Documents/wxMsg/app/public
2021-12-13 17:23:48,639 INFO 59922 [egg-security] use csrf middleware
2021-12-13 17:23:48,640 INFO 59922 [egg-security] use methodnoallow middleware
2021-12-13 17:23:48,640 INFO 59922 [egg-security] use noopen middleware
2021-12-13 17:23:48,640 INFO 59922 [egg-security] use nosniff middleware
2021-12-13 17:23:48,640 INFO 59922 [egg-security] use xssProtection middleware
2021-12-13 17:23:48,640 INFO 59922 [egg-security] use xframe middleware
2021-12-13 17:23:48,641 INFO 59922 [egg-security] use dta middleware
2021-12-13 17:23:48,641 INFO 59922 [egg-security] compose 7 middlewares into one security middleware
2021-12-13 17:23:48,645 INFO 59922 [egg:core] dump config after load, 2ms
2021-12-13 17:23:48,648 INFO 59922 [egg-watcher:application] watcher start success
2021-12-13 17:23:48,651 INFO 59922 [egg:core] dump config after ready, 2ms
2021-12-13 17:25:03,053 INFO 59953 [egg:logger] init all loggers with options: {"dir":"/Users/wangyanfeng/Documents/wxMsg/logs/serves","encoding":"utf8","env":"local","level":"INFO","consoleLevel":"INFO","disableConsoleAfterReady":false,"outputJSON":false,"buffer":true,"appLogName":"serves-web.log","coreLogName":"egg-web.log","agentLogName":"egg-agent.log","errorLogName":"common-error.log","coreLogger":{"consoleLevel":"WARN"},"allowDebugAtProd":false,"enablePerformanceTimer":false,"type":"application"}
2021-12-13 17:25:03,063 INFO 59953 [egg-multipart] stream mode enable
2021-12-13 17:25:03,097 INFO 59953 [egg-static] starting static serve /public/ -> /Users/wangyanfeng/Documents/wxMsg/app/public
2021-12-13 17:25:03,098 INFO 59953 [egg-security] use csrf middleware
2021-12-13 17:25:03,098 INFO 59953 [egg-security] use methodnoallow middleware
2021-12-13 17:25:03,098 INFO 59953 [egg-security] use noopen middleware
2021-12-13 17:25:03,099 INFO 59953 [egg-security] use nosniff middleware
2021-12-13 17:25:03,099 INFO 59953 [egg-security] use xssProtection middleware
2021-12-13 17:25:03,099 INFO 59953 [egg-security] use xframe middleware
2021-12-13 17:25:03,099 INFO 59953 [egg-security] use dta middleware
2021-12-13 17:25:03,099 INFO 59953 [egg-security] compose 7 middlewares into one security middleware
2021-12-13 17:25:03,103 INFO 59953 [egg:core] dump config after load, 2ms
2021-12-13 17:25:03,107 INFO 59953 [egg-watcher:application] watcher start success
2021-12-13 17:25:03,110 INFO 59953 [egg:core] dump config after ready, 1ms
2021-12-13 17:26:04,753 INFO 59986 [egg:logger] init all loggers with options: {"dir":"/Users/wangyanfeng/Documents/wxMsg/logs/serves","encoding":"utf8","env":"local","level":"INFO","consoleLevel":"INFO","disableConsoleAfterReady":false,"outputJSON":false,"buffer":true,"appLogName":"serves-web.log","coreLogName":"egg-web.log","agentLogName":"egg-agent.log","errorLogName":"common-error.log","coreLogger":{"consoleLevel":"WARN"},"allowDebugAtProd":false,"enablePerformanceTimer":false,"type":"application"}
2021-12-13 17:26:04,763 INFO 59986 [egg-multipart] stream mode enable
2021-12-13 17:26:04,812 INFO 59986 [egg-static] starting static serve /public/ -> /Users/wangyanfeng/Documents/wxMsg/app/public
2021-12-13 17:26:04,813 INFO 59986 [egg-security] use csrf middleware
2021-12-13 17:26:04,813 INFO 59986 [egg-security] use methodnoallow middleware
2021-12-13 17:26:04,814 INFO 59986 [egg-security] use noopen middleware
2021-12-13 17:26:04,814 INFO 59986 [egg-security] use nosniff middleware
2021-12-13 17:26:04,814 INFO 59986 [egg-security] use xssProtection middleware
2021-12-13 17:26:04,814 INFO 59986 [egg-security] use xframe middleware
2021-12-13 17:26:04,814 INFO 59986 [egg-security] use dta middleware
2021-12-13 17:26:04,814 INFO 59986 [egg-security] compose 7 middlewares into one security middleware
2021-12-13 17:26:04,818 INFO 59986 [egg:core] dump config after load, 2ms
2021-12-13 17:26:04,822 INFO 59986 [egg-watcher:application] watcher start success
2021-12-13 17:26:04,825 INFO 59986 [egg:core] dump config after ready, 2ms
2021-12-13 17:26:31,132 INFO 60016 [egg:logger] init all loggers with options: {"dir":"/Users/wangyanfeng/Documents/wxMsg/logs/serves","encoding":"utf8","env":"local","level":"INFO","consoleLevel":"INFO","disableConsoleAfterReady":false,"outputJSON":false,"buffer":true,"appLogName":"serves-web.log","coreLogName":"egg-web.log","agentLogName":"egg-agent.log","errorLogName":"common-error.log","coreLogger":{"consoleLevel":"WARN"},"allowDebugAtProd":false,"enablePerformanceTimer":false,"type":"application"}
2021-12-13 17:26:31,140 INFO 60016 [egg-multipart] stream mode enable
2021-12-13 17:26:31,173 INFO 60016 [egg-static] starting static serve /public/ -> /Users/wangyanfeng/Documents/wxMsg/app/public
2021-12-13 17:26:31,174 INFO 60016 [egg-security] use csrf middleware
2021-12-13 17:26:31,174 INFO 60016 [egg-security] use methodnoallow middleware
2021-12-13 17:26:31,175 INFO 60016 [egg-security] use noopen middleware
2021-12-13 17:26:31,175 INFO 60016 [egg-security] use nosniff middleware
2021-12-13 17:26:31,175 INFO 60016 [egg-security] use xssProtection middleware
2021-12-13 17:26:31,175 INFO 60016 [egg-security] use xframe middleware
2021-12-13 17:26:31,175 INFO 60016 [egg-security] use dta middleware
2021-12-13 17:26:31,175 INFO 60016 [egg-security] compose 7 middlewares into one security middleware
2021-12-13 17:26:31,179 INFO 60016 [egg:core] dump config after load, 1ms
2021-12-13 17:26:31,182 INFO 60016 [egg-watcher:application] watcher start success
2021-12-13 17:26:31,185 INFO 60016 [egg:core] dump config after ready, 2ms
2021-12-13 17:26:57,006 INFO 60038 [egg:logger] init all loggers with options: {"dir":"/Users/wangyanfeng/Documents/wxMsg/logs/serves","encoding":"utf8","env":"local","level":"INFO","consoleLevel":"INFO","disableConsoleAfterReady":false,"outputJSON":false,"buffer":true,"appLogName":"serves-web.log","coreLogName":"egg-web.log","agentLogName":"egg-agent.log","errorLogName":"common-error.log","coreLogger":{"consoleLevel":"WARN"},"allowDebugAtProd":false,"enablePerformanceTimer":false,"type":"application"}
2021-12-13 17:26:57,019 INFO 60038 [egg-multipart] stream mode enable
2021-12-13 17:26:57,058 INFO 60038 [egg-static] starting static serve /public/ -> /Users/wangyanfeng/Documents/wxMsg/app/public
2021-12-13 17:26:57,059 INFO 60038 [egg-security] use csrf middleware
2021-12-13 17:26:57,060 INFO 60038 [egg-security] use methodnoallow middleware
2021-12-13 17:26:57,060 INFO 60038 [egg-security] use noopen middleware
2021-12-13 17:26:57,060 INFO 60038 [egg-security] use nosniff middleware
2021-12-13 17:26:57,060 INFO 60038 [egg-security] use xssProtection middleware
2021-12-13 17:26:57,060 INFO 60038 [egg-security] use xframe middleware
2021-12-13 17:26:57,061 INFO 60038 [egg-security] use dta middleware
2021-12-13 17:26:57,061 INFO 60038 [egg-security] compose 7 middlewares into one security middleware
2021-12-13 17:26:57,065 INFO 60038 [egg:core] dump config after load, 3ms
2021-12-13 17:26:57,069 INFO 60038 [egg-watcher:application] watcher start success
2021-12-13 17:26:57,072 INFO 60038 [egg:core] dump config after ready, 3ms
2021-12-13 17:27:10,755 INFO 60070 [egg:logger] init all loggers with options: {"dir":"/Users/wangyanfeng/Documents/wxMsg/logs/serves","encoding":"utf8","env":"local","level":"INFO","consoleLevel":"INFO","disableConsoleAfterReady":false,"outputJSON":false,"buffer":true,"appLogName":"serves-web.log","coreLogName":"egg-web.log","agentLogName":"egg-agent.log","errorLogName":"common-error.log","coreLogger":{"consoleLevel":"WARN"},"allowDebugAtProd":false,"enablePerformanceTimer":false,"type":"application"}
2021-12-13 17:27:10,764 INFO 60070 [egg-multipart] stream mode enable
2021-12-13 17:27:10,801 INFO 60070 [egg-static] starting static serve /public/ -> /Users/wangyanfeng/Documents/wxMsg/app/public
2021-12-13 17:27:10,801 INFO 60070 [egg-security] use csrf middleware
2021-12-13 17:27:10,802 INFO 60070 [egg-security] use methodnoallow middleware
2021-12-13 17:27:10,802 INFO 60070 [egg-security] use noopen middleware
2021-12-13 17:27:10,802 INFO 60070 [egg-security] use nosniff middleware
2021-12-13 17:27:10,802 INFO 60070 [egg-security] use xssProtection middleware
2021-12-13 17:27:10,802 INFO 60070 [egg-security] use xframe middleware
2021-12-13 17:27:10,803 INFO 60070 [egg-security] use dta middleware
2021-12-13 17:27:10,803 INFO 60070 [egg-security] compose 7 middlewares into one security middleware
2021-12-13 17:27:10,806 INFO 60070 [egg:core] dump config after load, 2ms
2021-12-13 17:27:10,810 INFO 60070 [egg-watcher:application] watcher start success
2021-12-13 17:27:10,812 INFO 60070 [egg:core] dump config after ready, 2ms
2021-12-13 17:28:18,728 INFO 60120 [egg:logger] init all loggers with options: {"dir":"/Users/wangyanfeng/Documents/wxMsg/logs/serves","encoding":"utf8","env":"local","level":"INFO","consoleLevel":"INFO","disableConsoleAfterReady":false,"outputJSON":false,"buffer":true,"appLogName":"serves-web.log","coreLogName":"egg-web.log","agentLogName":"egg-agent.log","errorLogName":"common-error.log","coreLogger":{"consoleLevel":"WARN"},"allowDebugAtProd":false,"enablePerformanceTimer":false,"type":"application"}
2021-12-13 17:28:18,739 INFO 60120 [egg-multipart] stream mode enable
2021-12-13 17:28:18,782 INFO 60120 [egg-static] starting static serve /public/ -> /Users/wangyanfeng/Documents/wxMsg/app/public
2021-12-13 17:28:18,783 INFO 60120 [egg-security] use csrf middleware
2021-12-13 17:28:18,783 INFO 60120 [egg-security] use methodnoallow middleware
2021-12-13 17:28:18,783 INFO 60120 [egg-security] use noopen middleware
2021-12-13 17:28:18,783 INFO 60120 [egg-security] use nosniff middleware
2021-12-13 17:28:18,784 INFO 60120 [egg-security] use xssProtection middleware
2021-12-13 17:28:18,784 INFO 60120 [egg-security] use xframe middleware
2021-12-13 17:28:18,784 INFO 60120 [egg-security] use dta middleware
2021-12-13 17:28:18,784 INFO 60120 [egg-security] compose 7 middlewares into one security middleware
2021-12-13 17:28:18,788 INFO 60120 [egg:core] dump config after load, 2ms
2021-12-13 17:28:18,793 INFO 60120 [egg-watcher:application] watcher start success
2021-12-13 17:28:18,796 INFO 60120 [egg:core] dump config after ready, 2ms
2021-12-13 17:29:52,260 INFO 60183 [egg:logger] init all loggers with options: {"dir":"/Users/wangyanfeng/Documents/wxMsg/logs/serves","encoding":"utf8","env":"local","level":"INFO","consoleLevel":"INFO","disableConsoleAfterReady":false,"outputJSON":false,"buffer":true,"appLogName":"serves-web.log","coreLogName":"egg-web.log","agentLogName":"egg-agent.log","errorLogName":"common-error.log","coreLogger":{"consoleLevel":"WARN"},"allowDebugAtProd":false,"enablePerformanceTimer":false,"type":"application"}
2021-12-13 17:29:52,271 INFO 60183 [egg-multipart] stream mode enable
2021-12-13 17:29:52,312 INFO 60183 [egg-static] starting static serve /public/ -> /Users/wangyanfeng/Documents/wxMsg/app/public
2021-12-13 17:29:52,313 INFO 60183 [egg-security] use csrf middleware
2021-12-13 17:29:52,314 INFO 60183 [egg-security] use methodnoallow middleware
2021-12-13 17:29:52,314 INFO 60183 [egg-security] use noopen middleware
2021-12-13 17:29:52,314 INFO 60183 [egg-security] use nosniff middleware
2021-12-13 17:29:52,314 INFO 60183 [egg-security] use xssProtection middleware
2021-12-13 17:29:52,314 INFO 60183 [egg-security] use xframe middleware
2021-12-13 17:29:52,315 INFO 60183 [egg-security] use dta middleware
2021-12-13 17:29:52,315 INFO 60183 [egg-security] compose 7 middlewares into one security middleware
2021-12-13 17:29:52,318 INFO 60183 [egg:core] dump config after load, 2ms
2021-12-13 17:29:52,322 INFO 60183 [egg-watcher:application] watcher start success
2021-12-13 17:29:52,325 INFO 60183 [egg:core] dump config after ready, 2ms
2021-12-13 17:32:04,481 INFO 60230 [egg:logger] init all loggers with options: {"dir":"/Users/wangyanfeng/Documents/wxMsg/logs/serves","encoding":"utf8","env":"local","level":"INFO","consoleLevel":"INFO","disableConsoleAfterReady":false,"outputJSON":false,"buffer":true,"appLogName":"serves-web.log","coreLogName":"egg-web.log","agentLogName":"egg-agent.log","errorLogName":"common-error.log","coreLogger":{"consoleLevel":"WARN"},"allowDebugAtProd":false,"enablePerformanceTimer":false,"type":"application"}
2021-12-13 17:32:04,492 INFO 60230 [egg-multipart] stream mode enable
2021-12-13 17:32:04,531 INFO 60230 [egg-static] starting static serve /public/ -> /Users/wangyanfeng/Documents/wxMsg/app/public
2021-12-13 17:32:04,532 INFO 60230 [egg-security] use csrf middleware
2021-12-13 17:32:04,533 INFO 60230 [egg-security] use methodnoallow middleware
2021-12-13 17:32:04,533 INFO 60230 [egg-security] use noopen middleware
2021-12-13 17:32:04,533 INFO 60230 [egg-security] use nosniff middleware
2021-12-13 17:32:04,533 INFO 60230 [egg-security] use xssProtection middleware
2021-12-13 17:32:04,533 INFO 60230 [egg-security] use xframe middleware
2021-12-13 17:32:04,534 INFO 60230 [egg-security] use dta middleware
2021-12-13 17:32:04,534 INFO 60230 [egg-security] compose 7 middlewares into one security middleware
2021-12-13 17:32:04,538 INFO 60230 [egg:core] dump config after load, 3ms
2021-12-13 17:32:04,542 INFO 60230 [egg-watcher:application] watcher start success
2021-12-13 17:32:04,545 INFO 60230 [egg:core] dump config after ready, 2ms
2021-12-13 17:33:57,735 INFO 60269 [egg:logger] init all loggers with options: {"dir":"/Users/wangyanfeng/Documents/wxMsg/logs/serves","encoding":"utf8","env":"local","level":"INFO","consoleLevel":"INFO","disableConsoleAfterReady":false,"outputJSON":false,"buffer":true,"appLogName":"serves-web.log","coreLogName":"egg-web.log","agentLogName":"egg-agent.log","errorLogName":"common-error.log","coreLogger":{"consoleLevel":"WARN"},"allowDebugAtProd":false,"enablePerformanceTimer":false,"type":"application"}
2021-12-13 17:33:57,745 INFO 60269 [egg-multipart] stream mode enable
2021-12-13 17:33:57,797 INFO 60269 [egg-static] starting static serve /public/ -> /Users/wangyanfeng/Documents/wxMsg/app/public
2021-12-13 17:33:57,798 INFO 60269 [egg-security] use csrf middleware
2021-12-13 17:33:57,798 INFO 60269 [egg-security] use methodnoallow middleware
2021-12-13 17:33:57,799 INFO 60269 [egg-security] use noopen middleware
2021-12-13 17:33:57,799 INFO 60269 [egg-security] use nosniff middleware
2021-12-13 17:33:57,799 INFO 60269 [egg-security] use xssProtection middleware
2021-12-13 17:33:57,799 INFO 60269 [egg-security] use xframe middleware
2021-12-13 17:33:57,799 INFO 60269 [egg-security] use dta middleware
2021-12-13 17:33:57,799 INFO 60269 [egg-security] compose 7 middlewares into one security middleware
2021-12-13 17:33:57,803 INFO 60269 [egg:core] dump config after load, 2ms
2021-12-13 17:33:57,807 INFO 60269 [egg-watcher:application] watcher start success
2021-12-13 17:33:57,809 INFO 60269 [egg:core] dump config after ready, 2ms
